<?xml version="1.0" encoding="UTF-8"?>
<!-- Generated by org.testng.reporters.JUnitReportReporter -->
<testsuite hostname="DESKTOP-ICAQBQ9" failures="0" tests="7" name="sevrices.add_update_delete_services" time="44.936" errors="0" timestamp="2021-11-19T18:14:00 IST" skipped="0">
  <testcase classname="sevrices.add_update_delete_services" name="Link" time="1.483"/>
  <system-out/>
  <testcase classname="sevrices.add_update_delete_services" name="Login" time="10.444"/>
  <system-out/>
  <testcase classname="sevrices.add_update_delete_services" name="Service_User" time="0.136"/>
  <system-out/>
  <testcase classname="sevrices.add_update_delete_services" name="Add_Service_User" time="2.685"/>
  <system-out/>
  <testcase classname="sevrices.add_update_delete_services" name="Upload_Profile_Photo" time="9.068"/>
  <system-out/>
  <testcase classname="sevrices.add_update_delete_services" name="Login_Credentials" time="21.050"/>
  <system-out/>
  <testcase classname="sevrices.add_update_delete_services" name="add" time="0.070"/>
  <system-out/>
</testsuite> <!-- sevrices.add_update_delete_services -->
