<?xml version="1.0" encoding="UTF-8"?>
<!-- Generated by org.testng.reporters.JUnitReportReporter -->
<testsuite hostname="DESKTOP-ICAQBQ9" failures="0" tests="11" name="sevrices.delete_services" time="82.369" errors="0" timestamp="2021-11-19T22:28:41 IST" skipped="0">
  <testcase classname="sevrices.delete_services" name="Link" time="3.565"/>
  <system-out/>
  <testcase classname="sevrices.delete_services" name="Login" time="10.441"/>
  <system-out/>
  <testcase classname="sevrices.delete_services" name="Service_User" time="0.193"/>
  <system-out/>
  <testcase classname="sevrices.delete_services" name="Add_Service_User" time="2.560"/>
  <system-out/>
  <testcase classname="sevrices.delete_services" name="Upload_Profile_Photo" time="9.057"/>
  <system-out/>
  <testcase classname="sevrices.delete_services" name="Login_Credentials" time="20.998"/>
  <system-out/>
  <testcase classname="sevrices.delete_services" name="add" time="5.069"/>
  <system-out/>
  <testcase classname="sevrices.delete_services" name="search" time="0.109"/>
  <system-out/>
  <testcase classname="sevrices.delete_services" name="edit" time="0.076"/>
  <system-out/>
  <testcase classname="sevrices.delete_services" name="update" time="15.135"/>
  <system-out/>
  <testcase classname="sevrices.delete_services" name="delete" time="15.166"/>
  <system-out/>
</testsuite> <!-- sevrices.delete_services -->
